c:\users\souta\source\repos\game\game\x64\debug\vc141.pdb
c:\users\souta\source\repos\game\game\x64\debug\vc141.idb
c:\users\souta\source\repos\game\game\x64\debug\spriteobject.obj
c:\users\souta\source\repos\game\game\x64\debug\soundpack.obj
c:\users\souta\source\repos\game\game\x64\debug\positionutils.obj
c:\users\souta\source\repos\game\game\x64\debug\player.obj
c:\users\souta\source\repos\game\game\x64\debug\mouseclickevent.obj
c:\users\souta\source\repos\game\game\x64\debug\managedwindow.obj
c:\users\souta\source\repos\game\game\x64\debug\main_legacy.obj
c:\users\souta\source\repos\game\game\x64\debug\main.obj
c:\users\souta\source\repos\game\game\x64\debug\game.obj
c:\users\souta\source\repos\game\game\x64\debug\focusable.obj
c:\users\souta\source\repos\game\game\x64\debug\controldrawevent.obj
c:\users\souta\source\repos\game\game\x64\debug\control.obj
c:\users\souta\source\repos\game\game\x64\debug\button.obj
c:\users\souta\source\repos\game\game\x64\debug\backgroundabsolutegrid.obj
c:\users\souta\source\repos\game\game\x64\debug\animationspritefinishevent.obj
c:\users\souta\source\repos\game\game\x64\debug\animationspritefactory.obj
c:\users\souta\source\repos\game\game\x64\debug\animationsprite.obj
c:\users\souta\source\repos\game\game\x64\debug\animation.obj
c:\users\souta\source\repos\game\game\x64\debug\absolutegrid.obj
c:\users\souta\source\repos\game\game\x64\debug\absolutecomponent.obj
c:\users\souta\source\repos\game\game\x64\debug\spriteutils.obj
c:\users\souta\source\repos\game\game\x64\debug\spritefactory.obj
c:\users\souta\source\repos\game\game\x64\debug\game.obj.enc
c:\users\souta\source\repos\game\x64\debug\game.pdb
c:\users\souta\source\repos\game\game\x64\debug\game.tlog\cl.command.1.tlog
c:\users\souta\source\repos\game\game\x64\debug\game.tlog\cl.read.1.tlog
c:\users\souta\source\repos\game\game\x64\debug\game.tlog\cl.write.1.tlog
c:\users\souta\source\repos\game\game\x64\debug\game.tlog\link-cvtres.read.1.tlog
c:\users\souta\source\repos\game\game\x64\debug\game.tlog\link-cvtres.write.1.tlog
c:\users\souta\source\repos\game\game\x64\debug\game.tlog\link-rc.read.1.tlog
c:\users\souta\source\repos\game\game\x64\debug\game.tlog\link-rc.write.1.tlog
c:\users\souta\source\repos\game\game\x64\debug\game.tlog\link.14468-cvtres.read.1.tlog
c:\users\souta\source\repos\game\game\x64\debug\game.tlog\link.14468-cvtres.write.1.tlog
c:\users\souta\source\repos\game\game\x64\debug\game.tlog\link.14468-rc.read.1.tlog
c:\users\souta\source\repos\game\game\x64\debug\game.tlog\link.14468-rc.write.1.tlog
c:\users\souta\source\repos\game\game\x64\debug\game.tlog\link.14468.read.1.tlog
c:\users\souta\source\repos\game\game\x64\debug\game.tlog\link.14468.write.1.tlog
c:\users\souta\source\repos\game\game\x64\debug\game.tlog\link.command.1.tlog
c:\users\souta\source\repos\game\game\x64\debug\game.tlog\link.read.1.tlog
c:\users\souta\source\repos\game\game\x64\debug\game.tlog\link.write.1.tlog
